[2025-02-11T12:58:35.759+0000][gc,init] CardTable entry size: 512
[2025-02-11T12:58:35.759+0000][gc     ] Using G1
[2025-02-11T12:58:35.776+0000][gc,init] Version: 21.0.5+11-Ubuntu-1ubuntu124.04 (release)
[2025-02-11T12:58:35.776+0000][gc,init] CPUs: 4 total, 4 available
[2025-02-11T12:58:35.776+0000][gc,init] Memory: 16002M
[2025-02-11T12:58:35.776+0000][gc,init] Large Page Support: Disabled
[2025-02-11T12:58:35.776+0000][gc,init] NUMA Support: Disabled
[2025-02-11T12:58:35.776+0000][gc,init] Compressed Oops: Enabled (32-bit)
[2025-02-11T12:58:35.776+0000][gc,init] Heap Region Size: 1M
[2025-02-11T12:58:35.776+0000][gc,init] Heap Min Capacity: 1G
[2025-02-11T12:58:35.776+0000][gc,init] Heap Initial Capacity: 1G
[2025-02-11T12:58:35.776+0000][gc,init] Heap Max Capacity: 1G
[2025-02-11T12:58:35.776+0000][gc,init] Pre-touch: Disabled
[2025-02-11T12:58:35.776+0000][gc,init] Parallel Workers: 4
[2025-02-11T12:58:35.776+0000][gc,init] Concurrent Workers: 1
[2025-02-11T12:58:35.776+0000][gc,init] Concurrent Refinement Workers: 4
[2025-02-11T12:58:35.776+0000][gc,init] Periodic GC: Disabled
[2025-02-11T12:58:35.786+0000][gc,metaspace] CDS archive(s) mapped at: [0x00007e94ef000000-0x00007e94efc97000-0x00007e94efc97000), size 13201408, SharedBaseAddress: 0x00007e94ef000000, ArchiveRelocationMode: 1.
[2025-02-11T12:58:35.786+0000][gc,metaspace] Compressed class space mapped at: 0x00007e94f0000000-0x00007e9530000000, reserved size: 1073741824
[2025-02-11T12:58:35.786+0000][gc,metaspace] Narrow klass base: 0x00007e94ef000000, Narrow klass shift: 0, Narrow klass range: 0x100000000
[2025-02-11T12:58:37.398+0000][gc,start    ] GC(0) Pause Young (Normal) (G1 Evacuation Pause)
[2025-02-11T12:58:37.399+0000][gc,task     ] GC(0) Using 4 workers of 4 for evacuation
[2025-02-11T12:58:37.409+0000][gc,phases   ] GC(0)   Pre Evacuate Collection Set: 0.4ms
[2025-02-11T12:58:37.409+0000][gc,phases   ] GC(0)   Merge Heap Roots: 0.1ms
[2025-02-11T12:58:37.409+0000][gc,phases   ] GC(0)   Evacuate Collection Set: 8.1ms
[2025-02-11T12:58:37.409+0000][gc,phases   ] GC(0)   Post Evacuate Collection Set: 1.1ms
[2025-02-11T12:58:37.409+0000][gc,phases   ] GC(0)   Other: 0.6ms
[2025-02-11T12:58:37.409+0000][gc,heap     ] GC(0) Eden regions: 51->0(44)
[2025-02-11T12:58:37.409+0000][gc,heap     ] GC(0) Survivor regions: 0->7(7)
[2025-02-11T12:58:37.409+0000][gc,heap     ] GC(0) Old regions: 2->3
[2025-02-11T12:58:37.409+0000][gc,heap     ] GC(0) Humongous regions: 0->0
[2025-02-11T12:58:37.409+0000][gc,metaspace] GC(0) Metaspace: 18901K(19136K)->18901K(19136K) NonClass: 16732K(16832K)->16732K(16832K) Class: 2169K(2304K)->2169K(2304K)
[2025-02-11T12:58:37.409+0000][gc          ] GC(0) Pause Young (Normal) (G1 Evacuation Pause) 52M->8M(1024M) 10.555ms
[2025-02-11T12:58:37.409+0000][gc,cpu      ] GC(0) User=0.03s Sys=0.00s Real=0.01s
[2025-02-11T12:58:37.644+0000][gc,start    ] GC(1) Pause Young (Concurrent Start) (Metadata GC Threshold)
[2025-02-11T12:58:37.644+0000][gc,task     ] GC(1) Using 4 workers of 4 for evacuation
[2025-02-11T12:58:37.654+0000][gc,phases   ] GC(1)   Pre Evacuate Collection Set: 0.4ms
[2025-02-11T12:58:37.654+0000][gc,phases   ] GC(1)   Merge Heap Roots: 0.1ms
[2025-02-11T12:58:37.654+0000][gc,phases   ] GC(1)   Evacuate Collection Set: 8.4ms
[2025-02-11T12:58:37.654+0000][gc,phases   ] GC(1)   Post Evacuate Collection Set: 0.7ms
[2025-02-11T12:58:37.654+0000][gc,phases   ] GC(1)   Other: 0.1ms
[2025-02-11T12:58:37.654+0000][gc,heap     ] GC(1) Eden regions: 9->0(50)
[2025-02-11T12:58:37.654+0000][gc,heap     ] GC(1) Survivor regions: 7->1(7)
[2025-02-11T12:58:37.654+0000][gc,heap     ] GC(1) Old regions: 3->9
[2025-02-11T12:58:37.654+0000][gc,heap     ] GC(1) Humongous regions: 0->0
[2025-02-11T12:58:37.654+0000][gc,metaspace] GC(1) Metaspace: 21262K(21504K)->21262K(21504K) NonClass: 18797K(18944K)->18797K(18944K) Class: 2464K(2560K)->2464K(2560K)
[2025-02-11T12:58:37.654+0000][gc          ] GC(1) Pause Young (Concurrent Start) (Metadata GC Threshold) 17M->9M(1024M) 9.898ms
[2025-02-11T12:58:37.654+0000][gc,cpu      ] GC(1) User=0.03s Sys=0.01s Real=0.01s
[2025-02-11T12:58:37.654+0000][gc          ] GC(2) Concurrent Mark Cycle
[2025-02-11T12:58:37.655+0000][gc,marking  ] GC(2) Concurrent Scan Root Regions
[2025-02-11T12:58:37.660+0000][gc,marking  ] GC(2) Concurrent Scan Root Regions 5.309ms
[2025-02-11T12:58:37.660+0000][gc,marking  ] GC(2) Concurrent Mark
[2025-02-11T12:58:37.660+0000][gc,marking  ] GC(2) Concurrent Mark From Roots
[2025-02-11T12:58:37.660+0000][gc,task     ] GC(2) Using 1 workers of 1 for marking
[2025-02-11T12:58:37.663+0000][gc,marking  ] GC(2) Concurrent Mark From Roots 3.170ms
[2025-02-11T12:58:37.663+0000][gc,marking  ] GC(2) Concurrent Preclean
[2025-02-11T12:58:37.663+0000][gc,marking  ] GC(2) Concurrent Preclean 0.016ms
[2025-02-11T12:58:37.663+0000][gc,start    ] GC(2) Pause Remark
[2025-02-11T12:58:37.666+0000][gc          ] GC(2) Pause Remark 10M->10M(1024M) 2.969ms
[2025-02-11T12:58:37.666+0000][gc,cpu      ] GC(2) User=0.01s Sys=0.00s Real=0.00s
[2025-02-11T12:58:37.666+0000][gc,marking  ] GC(2) Concurrent Mark 6.494ms
[2025-02-11T12:58:37.666+0000][gc,marking  ] GC(2) Concurrent Rebuild Remembered Sets and Scrub Regions
[2025-02-11T12:58:37.671+0000][gc,marking  ] GC(2) Concurrent Rebuild Remembered Sets and Scrub Regions 5.054ms
[2025-02-11T12:58:37.672+0000][gc,start    ] GC(2) Pause Cleanup
[2025-02-11T12:58:37.672+0000][gc          ] GC(2) Pause Cleanup 10M->10M(1024M) 0.254ms
[2025-02-11T12:58:37.672+0000][gc,cpu      ] GC(2) User=0.00s Sys=0.00s Real=0.00s
[2025-02-11T12:58:37.672+0000][gc,marking  ] GC(2) Concurrent Clear Claimed Marks
[2025-02-11T12:58:37.672+0000][gc,marking  ] GC(2) Concurrent Clear Claimed Marks 0.048ms
[2025-02-11T12:58:37.672+0000][gc,marking  ] GC(2) Concurrent Cleanup for Next Mark
[2025-02-11T12:58:37.686+0000][gc,marking  ] GC(2) Concurrent Cleanup for Next Mark 14.108ms
[2025-02-11T12:58:37.686+0000][gc          ] GC(2) Concurrent Mark Cycle 32.017ms
[2025-02-11T12:58:38.702+0000][gc,start    ] GC(3) Pause Young (Prepare Mixed) (G1 Evacuation Pause)
[2025-02-11T12:58:38.702+0000][gc,task     ] GC(3) Using 4 workers of 4 for evacuation
[2025-02-11T12:58:38.714+0000][gc,phases   ] GC(3)   Pre Evacuate Collection Set: 0.6ms
[2025-02-11T12:58:38.714+0000][gc,phases   ] GC(3)   Merge Heap Roots: 0.1ms
[2025-02-11T12:58:38.714+0000][gc,phases   ] GC(3)   Evacuate Collection Set: 9.6ms
[2025-02-11T12:58:38.714+0000][gc,phases   ] GC(3)   Post Evacuate Collection Set: 1.2ms
[2025-02-11T12:58:38.714+0000][gc,phases   ] GC(3)   Other: 0.1ms
[2025-02-11T12:58:38.714+0000][gc,heap     ] GC(3) Eden regions: 50->0(45)
[2025-02-11T12:58:38.714+0000][gc,heap     ] GC(3) Survivor regions: 1->6(7)
[2025-02-11T12:58:38.714+0000][gc,heap     ] GC(3) Old regions: 9->9
[2025-02-11T12:58:38.714+0000][gc,heap     ] GC(3) Humongous regions: 129->129
[2025-02-11T12:58:38.714+0000][gc,metaspace] GC(3) Metaspace: 33206K(33536K)->33206K(33536K) NonClass: 29576K(29760K)->29576K(29760K) Class: 3630K(3776K)->3630K(3776K)
[2025-02-11T12:58:38.714+0000][gc          ] GC(3) Pause Young (Prepare Mixed) (G1 Evacuation Pause) 188M->142M(1024M) 11.932ms
[2025-02-11T12:58:38.714+0000][gc,cpu      ] GC(3) User=0.04s Sys=0.01s Real=0.02s
[2025-02-11T13:17:04.536+0000][gc,start    ] GC(4) Pause Young (Mixed) (Metadata GC Threshold)
[2025-02-11T13:17:04.536+0000][gc,task     ] GC(4) Using 4 workers of 4 for evacuation
[2025-02-11T13:17:04.552+0000][gc,phases   ] GC(4)   Pre Evacuate Collection Set: 2.2ms
[2025-02-11T13:17:04.552+0000][gc,phases   ] GC(4)   Merge Heap Roots: 0.2ms
[2025-02-11T13:17:04.552+0000][gc,phases   ] GC(4)   Evacuate Collection Set: 12.7ms
[2025-02-11T13:17:04.552+0000][gc,phases   ] GC(4)   Post Evacuate Collection Set: 0.9ms
[2025-02-11T13:17:04.552+0000][gc,phases   ] GC(4)   Other: 0.2ms
[2025-02-11T13:17:04.552+0000][gc,heap     ] GC(4) Eden regions: 18->0(50)
[2025-02-11T13:17:04.552+0000][gc,heap     ] GC(4) Survivor regions: 6->1(7)
[2025-02-11T13:17:04.552+0000][gc,heap     ] GC(4) Old regions: 9->14
[2025-02-11T13:17:04.552+0000][gc,heap     ] GC(4) Humongous regions: 129->129
[2025-02-11T13:17:04.552+0000][gc,metaspace] GC(4) Metaspace: 35634K(35968K)->35634K(35968K) NonClass: 31644K(31808K)->31644K(31808K) Class: 3989K(4160K)->3989K(4160K)
[2025-02-11T13:17:04.552+0000][gc          ] GC(4) Pause Young (Mixed) (Metadata GC Threshold) 160M->143M(1024M) 16.561ms
[2025-02-11T13:17:04.552+0000][gc,cpu      ] GC(4) User=0.04s Sys=0.01s Real=0.01s
[2025-02-11T13:17:04.613+0000][gc,start    ] GC(5) Pause Young (Concurrent Start) (Metadata GC Threshold)
[2025-02-11T13:17:04.613+0000][gc,task     ] GC(5) Using 4 workers of 4 for evacuation
[2025-02-11T13:17:04.616+0000][gc,phases   ] GC(5)   Pre Evacuate Collection Set: 0.7ms
[2025-02-11T13:17:04.616+0000][gc,phases   ] GC(5)   Merge Heap Roots: 0.1ms
[2025-02-11T13:17:04.616+0000][gc,phases   ] GC(5)   Evacuate Collection Set: 1.9ms
[2025-02-11T13:17:04.616+0000][gc,phases   ] GC(5)   Post Evacuate Collection Set: 0.5ms
[2025-02-11T13:17:04.616+0000][gc,phases   ] GC(5)   Other: 0.1ms
[2025-02-11T13:17:04.616+0000][gc,heap     ] GC(5) Eden regions: 3->0(50)
[2025-02-11T13:17:04.616+0000][gc,heap     ] GC(5) Survivor regions: 1->1(7)
[2025-02-11T13:17:04.616+0000][gc,heap     ] GC(5) Old regions: 14->14
[2025-02-11T13:17:04.616+0000][gc,heap     ] GC(5) Humongous regions: 129->129
[2025-02-11T13:17:04.616+0000][gc,metaspace] GC(5) Metaspace: 35932K(36288K)->35932K(36288K) NonClass: 31869K(32064K)->31869K(32064K) Class: 4062K(4224K)->4062K(4224K)
[2025-02-11T13:17:04.616+0000][gc          ] GC(5) Pause Young (Concurrent Start) (Metadata GC Threshold) 146M->143M(1024M) 3.515ms
[2025-02-11T13:17:04.616+0000][gc,cpu      ] GC(5) User=0.02s Sys=0.00s Real=0.00s
[2025-02-11T13:17:04.616+0000][gc          ] GC(6) Concurrent Mark Cycle
[2025-02-11T13:17:04.616+0000][gc,marking  ] GC(6) Concurrent Scan Root Regions
[2025-02-11T13:17:04.619+0000][gc,marking  ] GC(6) Concurrent Scan Root Regions 2.357ms
[2025-02-11T13:17:04.619+0000][gc,marking  ] GC(6) Concurrent Mark
[2025-02-11T13:17:04.619+0000][gc,marking  ] GC(6) Concurrent Mark From Roots
[2025-02-11T13:17:04.619+0000][gc,task     ] GC(6) Using 1 workers of 1 for marking
[2025-02-11T13:17:04.683+0000][gc,marking  ] GC(6) Concurrent Mark From Roots 64.080ms
[2025-02-11T13:17:04.683+0000][gc,marking  ] GC(6) Concurrent Preclean
[2025-02-11T13:17:04.683+0000][gc,marking  ] GC(6) Concurrent Preclean 0.269ms
[2025-02-11T13:17:04.684+0000][gc,start    ] GC(6) Pause Remark
[2025-02-11T13:17:04.703+0000][gc          ] GC(6) Pause Remark 146M->146M(1024M) 18.986ms
[2025-02-11T13:17:04.703+0000][gc,cpu      ] GC(6) User=0.07s Sys=0.00s Real=0.02s
[2025-02-11T13:17:04.709+0000][gc,marking  ] GC(6) Concurrent Mark 89.864ms
[2025-02-11T13:17:04.709+0000][gc,marking  ] GC(6) Concurrent Rebuild Remembered Sets and Scrub Regions
[2025-02-11T13:17:04.731+0000][gc,marking  ] GC(6) Concurrent Rebuild Remembered Sets and Scrub Regions 22.087ms
[2025-02-11T13:17:04.731+0000][gc,start    ] GC(6) Pause Cleanup
[2025-02-11T13:17:04.732+0000][gc          ] GC(6) Pause Cleanup 146M->146M(1024M) 0.555ms
[2025-02-11T13:17:04.732+0000][gc,cpu      ] GC(6) User=0.00s Sys=0.00s Real=0.00s
[2025-02-11T13:17:04.732+0000][gc,marking  ] GC(6) Concurrent Clear Claimed Marks
[2025-02-11T13:17:04.732+0000][gc,marking  ] GC(6) Concurrent Clear Claimed Marks 0.058ms
[2025-02-11T13:17:04.732+0000][gc,marking  ] GC(6) Concurrent Cleanup for Next Mark
[2025-02-11T13:17:04.758+0000][gc,marking  ] GC(6) Concurrent Cleanup for Next Mark 26.145ms
[2025-02-11T13:17:04.758+0000][gc          ] GC(6) Concurrent Mark Cycle 141.947ms
[2025-02-11T13:23:56.304+0000][gc,start    ] GC(7) Pause Young (Prepare Mixed) (G1 Evacuation Pause)
[2025-02-11T13:23:56.304+0000][gc,task     ] GC(7) Using 4 workers of 4 for evacuation
[2025-02-11T13:23:56.315+0000][gc,phases   ] GC(7)   Pre Evacuate Collection Set: 0.5ms
[2025-02-11T13:23:56.315+0000][gc,phases   ] GC(7)   Merge Heap Roots: 0.2ms
[2025-02-11T13:23:56.315+0000][gc,phases   ] GC(7)   Evacuate Collection Set: 9.3ms
[2025-02-11T13:23:56.315+0000][gc,phases   ] GC(7)   Post Evacuate Collection Set: 1.3ms
[2025-02-11T13:23:56.315+0000][gc,phases   ] GC(7)   Other: 0.1ms
[2025-02-11T13:23:56.315+0000][gc,heap     ] GC(7) Eden regions: 50->0(45)
[2025-02-11T13:23:56.315+0000][gc,heap     ] GC(7) Survivor regions: 1->6(7)
[2025-02-11T13:23:56.315+0000][gc,heap     ] GC(7) Old regions: 14->14
[2025-02-11T13:23:56.315+0000][gc,heap     ] GC(7) Humongous regions: 129->129
[2025-02-11T13:23:56.315+0000][gc,metaspace] GC(7) Metaspace: 40720K(41280K)->40720K(41280K) NonClass: 36068K(36416K)->36068K(36416K) Class: 4652K(4864K)->4652K(4864K)
[2025-02-11T13:23:56.315+0000][gc          ] GC(7) Pause Young (Prepare Mixed) (G1 Evacuation Pause) 193M->148M(1024M) 11.765ms
[2025-02-11T13:23:56.315+0000][gc,cpu      ] GC(7) User=0.04s Sys=0.00s Real=0.01s
[2025-02-11T13:38:23.013+0000][gc,start    ] GC(8) Pause Young (Mixed) (G1 Evacuation Pause)
[2025-02-11T13:38:23.013+0000][gc,task     ] GC(8) Using 4 workers of 4 for evacuation
[2025-02-11T13:38:23.029+0000][gc,phases   ] GC(8)   Pre Evacuate Collection Set: 1.9ms
[2025-02-11T13:38:23.029+0000][gc,phases   ] GC(8)   Merge Heap Roots: 0.3ms
[2025-02-11T13:38:23.029+0000][gc,phases   ] GC(8)   Evacuate Collection Set: 12.2ms
[2025-02-11T13:38:23.029+0000][gc,phases   ] GC(8)   Post Evacuate Collection Set: 1.2ms
[2025-02-11T13:38:23.029+0000][gc,phases   ] GC(8)   Other: 0.2ms
[2025-02-11T13:38:23.029+0000][gc,heap     ] GC(8) Eden regions: 45->0(48)
[2025-02-11T13:38:23.029+0000][gc,heap     ] GC(8) Survivor regions: 6->3(7)
[2025-02-11T13:38:23.029+0000][gc,heap     ] GC(8) Old regions: 14->17
[2025-02-11T13:38:23.029+0000][gc,heap     ] GC(8) Humongous regions: 129->129
[2025-02-11T13:38:23.029+0000][gc,metaspace] GC(8) Metaspace: 40879K(41408K)->40879K(41408K) NonClass: 36223K(36544K)->36223K(36544K) Class: 4655K(4864K)->4655K(4864K)
[2025-02-11T13:38:23.029+0000][gc          ] GC(8) Pause Young (Mixed) (G1 Evacuation Pause) 192M->148M(1024M) 16.364ms
[2025-02-11T13:38:23.029+0000][gc,cpu      ] GC(8) User=0.05s Sys=0.00s Real=0.01s
[2025-02-11T13:55:48.626+0000][gc,start    ] GC(9) Pause Young (Normal) (G1 Evacuation Pause)
[2025-02-11T13:55:48.626+0000][gc,task     ] GC(9) Using 4 workers of 4 for evacuation
[2025-02-11T13:55:48.634+0000][gc,phases   ] GC(9)   Pre Evacuate Collection Set: 0.7ms
[2025-02-11T13:55:48.634+0000][gc,phases   ] GC(9)   Merge Heap Roots: 0.1ms
[2025-02-11T13:55:48.634+0000][gc,phases   ] GC(9)   Evacuate Collection Set: 6.2ms
[2025-02-11T13:55:48.634+0000][gc,phases   ] GC(9)   Post Evacuate Collection Set: 0.7ms
[2025-02-11T13:55:48.634+0000][gc,phases   ] GC(9)   Other: 0.1ms
[2025-02-11T13:55:48.634+0000][gc,heap     ] GC(9) Eden regions: 48->0(47)
[2025-02-11T13:55:48.634+0000][gc,heap     ] GC(9) Survivor regions: 3->4(7)
[2025-02-11T13:55:48.634+0000][gc,heap     ] GC(9) Old regions: 17->17
[2025-02-11T13:55:48.634+0000][gc,heap     ] GC(9) Humongous regions: 129->129
[2025-02-11T13:55:48.634+0000][gc,metaspace] GC(9) Metaspace: 40982K(41536K)->40982K(41536K) NonClass: 36326K(36672K)->36326K(36672K) Class: 4655K(4864K)->4655K(4864K)
[2025-02-11T13:55:48.634+0000][gc          ] GC(9) Pause Young (Normal) (G1 Evacuation Pause) 196M->148M(1024M) 8.164ms
[2025-02-11T13:55:48.634+0000][gc,cpu      ] GC(9) User=0.02s Sys=0.00s Real=0.01s
[2025-02-11T14:13:29.907+0000][gc,start    ] GC(10) Pause Young (Normal) (G1 Evacuation Pause)
[2025-02-11T14:13:29.907+0000][gc,task     ] GC(10) Using 4 workers of 4 for evacuation
[2025-02-11T14:13:29.918+0000][gc,phases   ] GC(10)   Pre Evacuate Collection Set: 2.6ms
[2025-02-11T14:13:29.918+0000][gc,phases   ] GC(10)   Merge Heap Roots: 0.2ms
[2025-02-11T14:13:29.918+0000][gc,phases   ] GC(10)   Evacuate Collection Set: 7.7ms
[2025-02-11T14:13:29.918+0000][gc,phases   ] GC(10)   Post Evacuate Collection Set: 0.8ms
[2025-02-11T14:13:29.918+0000][gc,phases   ] GC(10)   Other: 0.1ms
[2025-02-11T14:13:29.918+0000][gc,heap     ] GC(10) Eden regions: 47->0(46)
[2025-02-11T14:13:29.918+0000][gc,heap     ] GC(10) Survivor regions: 4->5(7)
[2025-02-11T14:13:29.918+0000][gc,heap     ] GC(10) Old regions: 17->17
[2025-02-11T14:13:29.918+0000][gc,heap     ] GC(10) Humongous regions: 129->129
[2025-02-11T14:13:29.918+0000][gc,metaspace] GC(10) Metaspace: 41077K(41600K)->41077K(41600K) NonClass: 36418K(36736K)->36418K(36736K) Class: 4659K(4864K)->4659K(4864K)
[2025-02-11T14:13:29.918+0000][gc          ] GC(10) Pause Young (Normal) (G1 Evacuation Pause) 195M->150M(1024M) 11.734ms
[2025-02-11T14:13:29.918+0000][gc,cpu      ] GC(10) User=0.04s Sys=0.00s Real=0.01s
[2025-02-11T14:31:19.907+0000][gc,start    ] GC(11) Pause Young (Normal) (G1 Evacuation Pause)
[2025-02-11T14:31:19.907+0000][gc,task     ] GC(11) Using 4 workers of 4 for evacuation
[2025-02-11T14:31:19.943+0000][gc,mmu      ] GC(11) MMU target violated: 21.0ms (20.0ms/21.0ms)
[2025-02-11T14:31:19.943+0000][gc,phases   ] GC(11)   Pre Evacuate Collection Set: 0.9ms
[2025-02-11T14:31:19.943+0000][gc,phases   ] GC(11)   Merge Heap Roots: 0.1ms
[2025-02-11T14:31:19.943+0000][gc,phases   ] GC(11)   Evacuate Collection Set: 33.7ms
[2025-02-11T14:31:19.943+0000][gc,phases   ] GC(11)   Post Evacuate Collection Set: 1.1ms
[2025-02-11T14:31:19.943+0000][gc,phases   ] GC(11)   Other: 0.2ms
[2025-02-11T14:31:19.943+0000][gc,heap     ] GC(11) Eden regions: 46->0(47)
[2025-02-11T14:31:19.943+0000][gc,heap     ] GC(11) Survivor regions: 5->4(7)
[2025-02-11T14:31:19.943+0000][gc,heap     ] GC(11) Old regions: 17->19
[2025-02-11T14:31:19.943+0000][gc,heap     ] GC(11) Humongous regions: 129->129
[2025-02-11T14:31:19.943+0000][gc,metaspace] GC(11) Metaspace: 41507K(42048K)->41507K(42048K) NonClass: 36779K(37120K)->36779K(37120K) Class: 4727K(4928K)->4727K(4928K)
[2025-02-11T14:31:19.943+0000][gc          ] GC(11) Pause Young (Normal) (G1 Evacuation Pause) 196M->150M(1024M) 36.253ms
[2025-02-11T14:31:19.943+0000][gc,cpu      ] GC(11) User=0.04s Sys=0.00s Real=0.04s
[2025-02-11T14:42:49.641+0000][gc,start    ] GC(12) Pause Young (Normal) (G1 Evacuation Pause)
[2025-02-11T14:42:49.641+0000][gc,task     ] GC(12) Using 4 workers of 4 for evacuation
[2025-02-11T14:42:49.648+0000][gc,phases   ] GC(12)   Pre Evacuate Collection Set: 0.7ms
[2025-02-11T14:42:49.648+0000][gc,phases   ] GC(12)   Merge Heap Roots: 0.1ms
[2025-02-11T14:42:49.648+0000][gc,phases   ] GC(12)   Evacuate Collection Set: 5.7ms
[2025-02-11T14:42:49.648+0000][gc,phases   ] GC(12)   Post Evacuate Collection Set: 0.6ms
[2025-02-11T14:42:49.648+0000][gc,phases   ] GC(12)   Other: 0.1ms
[2025-02-11T14:42:49.648+0000][gc,heap     ] GC(12) Eden regions: 47->0(47)
[2025-02-11T14:42:49.648+0000][gc,heap     ] GC(12) Survivor regions: 4->4(7)
[2025-02-11T14:42:49.648+0000][gc,heap     ] GC(12) Old regions: 19->19
[2025-02-11T14:42:49.648+0000][gc,heap     ] GC(12) Humongous regions: 129->129
[2025-02-11T14:42:49.648+0000][gc,metaspace] GC(12) Metaspace: 41743K(42304K)->41743K(42304K) NonClass: 36972K(37312K)->36972K(37312K) Class: 4771K(4992K)->4771K(4992K)
[2025-02-11T14:42:49.648+0000][gc          ] GC(12) Pause Young (Normal) (G1 Evacuation Pause) 197M->150M(1024M) 7.468ms
[2025-02-11T14:42:49.648+0000][gc,cpu      ] GC(12) User=0.02s Sys=0.01s Real=0.01s
[2025-02-11T14:53:52.495+0000][gc,start    ] GC(13) Pause Young (Normal) (G1 Evacuation Pause)
[2025-02-11T14:53:52.495+0000][gc,task     ] GC(13) Using 4 workers of 4 for evacuation
[2025-02-11T14:53:52.509+0000][gc,phases   ] GC(13)   Pre Evacuate Collection Set: 0.9ms
[2025-02-11T14:53:52.509+0000][gc,phases   ] GC(13)   Merge Heap Roots: 0.1ms
[2025-02-11T14:53:52.509+0000][gc,phases   ] GC(13)   Evacuate Collection Set: 12.5ms
[2025-02-11T14:53:52.509+0000][gc,phases   ] GC(13)   Post Evacuate Collection Set: 0.7ms
[2025-02-11T14:53:52.509+0000][gc,phases   ] GC(13)   Other: 0.1ms
[2025-02-11T14:53:52.509+0000][gc,heap     ] GC(13) Eden regions: 47->0(46)
[2025-02-11T14:53:52.509+0000][gc,heap     ] GC(13) Survivor regions: 4->5(7)
[2025-02-11T14:53:52.509+0000][gc,heap     ] GC(13) Old regions: 19->19
[2025-02-11T14:53:52.509+0000][gc,heap     ] GC(13) Humongous regions: 129->129
[2025-02-11T14:53:52.509+0000][gc,metaspace] GC(13) Metaspace: 41792K(42304K)->41792K(42304K) NonClass: 37015K(37312K)->37015K(37312K) Class: 4776K(4992K)->4776K(4992K)
[2025-02-11T14:53:52.509+0000][gc          ] GC(13) Pause Young (Normal) (G1 Evacuation Pause) 197M->151M(1024M) 14.580ms
[2025-02-11T14:53:52.509+0000][gc,cpu      ] GC(13) User=0.03s Sys=0.00s Real=0.01s
[2025-02-11T15:02:19.907+0000][gc,start    ] GC(14) Pause Young (Normal) (G1 Evacuation Pause)
[2025-02-11T15:02:19.907+0000][gc,task     ] GC(14) Using 4 workers of 4 for evacuation
[2025-02-11T15:02:19.913+0000][gc,phases   ] GC(14)   Pre Evacuate Collection Set: 0.5ms
[2025-02-11T15:02:19.913+0000][gc,phases   ] GC(14)   Merge Heap Roots: 0.1ms
[2025-02-11T15:02:19.913+0000][gc,phases   ] GC(14)   Evacuate Collection Set: 5.2ms
[2025-02-11T15:02:19.913+0000][gc,phases   ] GC(14)   Post Evacuate Collection Set: 0.7ms
[2025-02-11T15:02:19.913+0000][gc,phases   ] GC(14)   Other: 0.1ms
[2025-02-11T15:02:19.913+0000][gc,heap     ] GC(14) Eden regions: 46->0(48)
[2025-02-11T15:02:19.913+0000][gc,heap     ] GC(14) Survivor regions: 5->3(7)
[2025-02-11T15:02:19.913+0000][gc,heap     ] GC(14) Old regions: 19->19
[2025-02-11T15:02:19.913+0000][gc,heap     ] GC(14) Humongous regions: 129->129
[2025-02-11T15:02:19.913+0000][gc,metaspace] GC(14) Metaspace: 42048K(42624K)->42048K(42624K) NonClass: 37221K(37568K)->37221K(37568K) Class: 4827K(5056K)->4827K(5056K)
[2025-02-11T15:02:19.913+0000][gc          ] GC(14) Pause Young (Normal) (G1 Evacuation Pause) 197M->150M(1024M) 6.902ms
[2025-02-11T15:02:19.914+0000][gc,cpu      ] GC(14) User=0.02s Sys=0.00s Real=0.01s
