[2025-02-11 15:00:13,892] INFO [GroupCoordinator 0]: Member[group.instance.id None, member.id consumer-orderconsumer2-1-b3865cf6-79e0-46da-bf33-3f7a7f1e981b] in group orderconsumer2 has left, removing it from the group (kafka.coordinator.group.GroupCoordinator)
[2025-02-11 15:00:13,893] INFO [GroupCoordinator 0]: Preparing to rebalance group orderconsumer2 in state PreparingRebalance with old generation 5 (__consumer_offsets-10) (reason: removing member consumer-orderconsumer2-1-b3865cf6-79e0-46da-bf33-3f7a7f1e981b on LeaveGroup) (kafka.coordinator.group.GroupCoordinator)
[2025-02-11 15:00:13,894] INFO [GroupCoordinator 0]: Group orderconsumer2 with generation 6 is now empty (__consumer_offsets-10) (kafka.coordinator.group.GroupCoordinator)
[2025-02-11 15:00:14,990] INFO [GroupCoordinator 0]: Preparing to rebalance group orderconsumer in state PreparingRebalance with old generation 15 (__consumer_offsets-34) (reason: Adding new member consumer-orderconsumer-2-5358535e-a35e-401a-bbb8-8724851872a2 with group instance id None) (kafka.coordinator.group.GroupCoordinator)
[2025-02-11 15:00:17,162] INFO [GroupCoordinator 0]: Stabilized group orderconsumer generation 16 (__consumer_offsets-34) with 2 members (kafka.coordinator.group.GroupCoordinator)
[2025-02-11 15:00:17,164] INFO [GroupCoordinator 0]: Assignment received from leader for group orderconsumer for generation 16. The group has 2 members, 0 of which are static. (kafka.coordinator.group.GroupCoordinator)
[2025-02-11 15:02:15,392] INFO [GroupCoordinator 0]: Member[group.instance.id None, member.id consumer-orderconsumer-1-d41d9390-0fe7-45c9-a653-042b7fb95315] in group orderconsumer has left, removing it from the group (kafka.coordinator.group.GroupCoordinator)
[2025-02-11 15:02:15,392] INFO [GroupCoordinator 0]: Preparing to rebalance group orderconsumer in state PreparingRebalance with old generation 16 (__consumer_offsets-34) (reason: removing member consumer-orderconsumer-1-d41d9390-0fe7-45c9-a653-042b7fb95315 on LeaveGroup) (kafka.coordinator.group.GroupCoordinator)
[2025-02-11 15:02:16,462] INFO [GroupCoordinator 0]: Preparing to rebalance group orderconsumer2 in state PreparingRebalance with old generation 6 (__consumer_offsets-10) (reason: Adding new member consumer-orderconsumer2-2-50262094-cf64-4942-8bcd-f45d919e5de9 with group instance id None) (kafka.coordinator.group.GroupCoordinator)
[2025-02-11 15:02:16,463] INFO [GroupCoordinator 0]: Stabilized group orderconsumer2 generation 7 (__consumer_offsets-10) with 1 members (kafka.coordinator.group.GroupCoordinator)
[2025-02-11 15:02:16,465] INFO [GroupCoordinator 0]: Assignment received from leader for group orderconsumer2 for generation 7. The group has 1 members, 0 of which are static. (kafka.coordinator.group.GroupCoordinator)
[2025-02-11 15:02:17,199] INFO [GroupCoordinator 0]: Stabilized group orderconsumer generation 17 (__consumer_offsets-34) with 1 members (kafka.coordinator.group.GroupCoordinator)
[2025-02-11 15:02:17,203] INFO [GroupCoordinator 0]: Assignment received from leader for group orderconsumer for generation 17. The group has 1 members, 0 of which are static. (kafka.coordinator.group.GroupCoordinator)
[2025-02-11 15:02:29,784] INFO [GroupCoordinator 0]: Member[group.instance.id None, member.id consumer-orderconsumer2-2-50262094-cf64-4942-8bcd-f45d919e5de9] in group orderconsumer2 has left, removing it from the group (kafka.coordinator.group.GroupCoordinator)
[2025-02-11 15:02:29,784] INFO [GroupCoordinator 0]: Preparing to rebalance group orderconsumer2 in state PreparingRebalance with old generation 7 (__consumer_offsets-10) (reason: removing member consumer-orderconsumer2-2-50262094-cf64-4942-8bcd-f45d919e5de9 on LeaveGroup) (kafka.coordinator.group.GroupCoordinator)
[2025-02-11 15:02:29,785] INFO [GroupCoordinator 0]: Group orderconsumer2 with generation 8 is now empty (__consumer_offsets-10) (kafka.coordinator.group.GroupCoordinator)
[2025-02-11 15:02:30,686] INFO [GroupCoordinator 0]: Preparing to rebalance group orderconsumer in state PreparingRebalance with old generation 17 (__consumer_offsets-34) (reason: Adding new member consumer-orderconsumer-3-f231f5e3-dbdb-4df4-8f33-cd369ec60060 with group instance id None) (kafka.coordinator.group.GroupCoordinator)
[2025-02-11 15:02:32,208] INFO [GroupCoordinator 0]: Stabilized group orderconsumer generation 18 (__consumer_offsets-34) with 2 members (kafka.coordinator.group.GroupCoordinator)
[2025-02-11 15:02:32,211] INFO [GroupCoordinator 0]: Assignment received from leader for group orderconsumer for generation 18. The group has 2 members, 0 of which are static. (kafka.coordinator.group.GroupCoordinator)
[2025-02-11 15:02:36,445] INFO [GroupCoordinator 0]: Member[group.instance.id None, member.id consumer-orderconsumer-2-5358535e-a35e-401a-bbb8-8724851872a2] in group orderconsumer has left, removing it from the group (kafka.coordinator.group.GroupCoordinator)
[2025-02-11 15:02:36,445] INFO [GroupCoordinator 0]: Preparing to rebalance group orderconsumer in state PreparingRebalance with old generation 18 (__consumer_offsets-34) (reason: removing member consumer-orderconsumer-2-5358535e-a35e-401a-bbb8-8724851872a2 on LeaveGroup) (kafka.coordinator.group.GroupCoordinator)
[2025-02-11 15:02:38,213] INFO [GroupCoordinator 0]: Stabilized group orderconsumer generation 19 (__consumer_offsets-34) with 2 members (kafka.coordinator.group.GroupCoordinator)
[2025-02-11 15:02:38,216] INFO [GroupCoordinator 0]: Assignment received from leader for group orderconsumer for generation 19. The group has 2 members, 0 of which are static. (kafka.coordinator.group.GroupCoordinator)
[2025-02-11 15:02:38,801] INFO [GroupCoordinator 0]: Member[group.instance.id None, member.id consumer-orderconsumer-3-ed0c383c-1fc2-448e-9558-e3ba4deadf5f] in group orderconsumer has left, removing it from the group (kafka.coordinator.group.GroupCoordinator)
[2025-02-11 15:02:38,801] INFO [GroupCoordinator 0]: Preparing to rebalance group orderconsumer in state PreparingRebalance with old generation 19 (__consumer_offsets-34) (reason: removing member consumer-orderconsumer-3-ed0c383c-1fc2-448e-9558-e3ba4deadf5f on LeaveGroup) (kafka.coordinator.group.GroupCoordinator)
[2025-02-11 15:02:39,872] INFO [GroupCoordinator 0]: Preparing to rebalance group orderconsumer2 in state PreparingRebalance with old generation 8 (__consumer_offsets-10) (reason: Adding new member consumer-orderconsumer2-4-8f3c6108-3fd2-443c-9374-ae7e8f9252a9 with group instance id None) (kafka.coordinator.group.GroupCoordinator)
[2025-02-11 15:02:39,873] INFO [GroupCoordinator 0]: Stabilized group orderconsumer2 generation 9 (__consumer_offsets-10) with 1 members (kafka.coordinator.group.GroupCoordinator)
[2025-02-11 15:02:39,875] INFO [GroupCoordinator 0]: Assignment received from leader for group orderconsumer2 for generation 9. The group has 1 members, 0 of which are static. (kafka.coordinator.group.GroupCoordinator)
[2025-02-11 15:02:41,217] INFO [GroupCoordinator 0]: Stabilized group orderconsumer generation 20 (__consumer_offsets-34) with 1 members (kafka.coordinator.group.GroupCoordinator)
[2025-02-11 15:02:41,219] INFO [GroupCoordinator 0]: Assignment received from leader for group orderconsumer for generation 20. The group has 1 members, 0 of which are static. (kafka.coordinator.group.GroupCoordinator)
